This is XeTeX, Version 3.141592653-2.6-0.999996 (TeX Live 2024) (preloaded format=xelatex 2024.5.12)  31 AUG 2024 00:53
entering extended mode
 restricted \write18 enabled.
 %&-line parsing enabled.
**Codebook.tex
(./Codebook.tex
LaTeX2e <2023-11-01> patch level 1
L3 programming layer <2024-04-11>
(/usr/local/texlive/2024/texmf-dist/tex/latex/base/article.cls
Document Class: article 2023/05/17 v1.4n Standard LaTeX document class
(/usr/local/texlive/2024/texmf-dist/tex/latex/base/size10.clo
File: size10.clo 2023/05/17 v1.4n Standard LaTeX file (size option)
)
\c@part=\count185
\c@section=\count186
\c@subsection=\count187
\c@subsubsection=\count188
\c@paragraph=\count189
\c@subparagraph=\count190
\c@figure=\count191
\c@table=\count192
\abovecaptionskip=\skip48
\belowcaptionskip=\skip49
\bibindent=\dimen140
)
(./Codebook-setup.tex
(/usr/local/texlive/2024/texmf-dist/tex/latex/amscls/amsthm.sty
Package: amsthm 2020/05/29 v2.20.6
\thm@style=\toks17
\thm@bodyfont=\toks18
\thm@headfont=\toks19
\thm@notefont=\toks20
\thm@headpunct=\toks21
\thm@preskip=\skip50
\thm@postskip=\skip51
\thm@headsep=\skip52
\dth@everypar=\toks22
)
(/usr/local/texlive/2024/texmf-dist/tex/latex/amsfonts/amssymb.sty
Package: amssymb 2013/01/14 v3.01 AMS font symbols

(/usr/local/texlive/2024/texmf-dist/tex/latex/amsfonts/amsfonts.sty
Package: amsfonts 2013/01/14 v3.01 Basic AMSFonts support
\@emptytoks=\toks23
\symAMSa=\mathgroup4
\symAMSb=\mathgroup5
LaTeX Font Info:    Redeclaring math symbol \hbar on input line 98.
LaTeX Font Info:    Overwriting math alphabet `\mathfrak' in version `bold'
(Font)                  U/euf/m/n --> U/euf/b/n on input line 106.
))
(/usr/local/texlive/2024/texmf-dist/tex/latex/amsmath/amsmath.sty
Package: amsmath 2023/05/13 v2.17o AMS math features
\@mathmargin=\skip53

For additional information on amsmath, use the `?' option.
(/usr/local/texlive/2024/texmf-dist/tex/latex/amsmath/amstext.sty
Package: amstext 2021/08/26 v2.01 AMS text

(/usr/local/texlive/2024/texmf-dist/tex/latex/amsmath/amsgen.sty
File: amsgen.sty 1999/11/30 v2.0 generic functions
\@emptytoks=\toks24
\ex@=\dimen141
))
(/usr/local/texlive/2024/texmf-dist/tex/latex/amsmath/amsbsy.sty
Package: amsbsy 1999/11/29 v1.2d Bold Symbols
\pmbraise@=\dimen142
)
(/usr/local/texlive/2024/texmf-dist/tex/latex/amsmath/amsopn.sty
Package: amsopn 2022/04/08 v2.04 operator names
)
\inf@bad=\count193
LaTeX Info: Redefining \frac on input line 234.
\uproot@=\count194
\leftroot@=\count195
LaTeX Info: Redefining \overline on input line 399.
LaTeX Info: Redefining \colon on input line 410.
\classnum@=\count196
\DOTSCASE@=\count197
LaTeX Info: Redefining \ldots on input line 496.
LaTeX Info: Redefining \dots on input line 499.
LaTeX Info: Redefining \cdots on input line 620.
\Mathstrutbox@=\box51
\strutbox@=\box52
LaTeX Info: Redefining \big on input line 722.
LaTeX Info: Redefining \Big on input line 723.
LaTeX Info: Redefining \bigg on input line 724.
LaTeX Info: Redefining \Bigg on input line 725.
\big@size=\dimen143
LaTeX Font Info:    Redeclaring font encoding OML on input line 743.
LaTeX Font Info:    Redeclaring font encoding OMS on input line 744.
\macc@depth=\count198
LaTeX Info: Redefining \bmod on input line 905.
LaTeX Info: Redefining \pmod on input line 910.
LaTeX Info: Redefining \smash on input line 940.
LaTeX Info: Redefining \relbar on input line 970.
LaTeX Info: Redefining \Relbar on input line 971.
\c@MaxMatrixCols=\count199
\dotsspace@=\muskip16
\c@parentequation=\count266
\dspbrk@lvl=\count267
\tag@help=\toks25
\row@=\count268
\column@=\count269
\maxfields@=\count270
\andhelp@=\toks26
\eqnshift@=\dimen144
\alignsep@=\dimen145
\tagshift@=\dimen146
\tagwidth@=\dimen147
\totwidth@=\dimen148
\lineht@=\dimen149
\@envbody=\toks27
\multlinegap=\skip54
\multlinetaggap=\skip55
\mathdisplay@stack=\toks28
LaTeX Info: Redefining \[ on input line 2953.
LaTeX Info: Redefining \] on input line 2954.
)
(/usr/local/texlive/2024/texmf-dist/tex/latex/fontspec/fontspec.sty
(/usr/local/texlive/2024/texmf-dist/tex/latex/l3packages/xparse/xparse.sty
(/usr/local/texlive/2024/texmf-dist/tex/latex/l3kernel/expl3.sty
Package: expl3 2024-04-11 L3 programming layer (loader) 

(/usr/local/texlive/2024/texmf-dist/tex/latex/l3backend/l3backend-xetex.def
File: l3backend-xetex.def 2024-04-11 L3 backend support: XeTeX
\g__graphics_track_int=\count271
\l__pdf_internal_box=\box53
\g__pdf_backend_annotation_int=\count272
\g__pdf_backend_link_int=\count273
))
Package: xparse 2024-03-14 L3 Experimental document command parser
)
Package: fontspec 2024/05/07 v2.9d Font selection for XeLaTeX and LuaLaTeX

(/usr/local/texlive/2024/texmf-dist/tex/latex/fontspec/fontspec-xetex.sty
Package: fontspec-xetex 2024/05/07 v2.9d Font selection for XeLaTeX and LuaLaTe
X
\l__fontspec_script_int=\count274
\l__fontspec_language_int=\count275
\l__fontspec_strnum_int=\count276
\l__fontspec_tmp_int=\count277
\l__fontspec_tmpa_int=\count278
\l__fontspec_tmpb_int=\count279
\l__fontspec_tmpc_int=\count280
\l__fontspec_em_int=\count281
\l__fontspec_emdef_int=\count282
\l__fontspec_strong_int=\count283
\l__fontspec_strongdef_int=\count284
\l__fontspec_tmpa_dim=\dimen150
\l__fontspec_tmpb_dim=\dimen151
\l__fontspec_tmpc_dim=\dimen152

(/usr/local/texlive/2024/texmf-dist/tex/latex/base/fontenc.sty
Package: fontenc 2021/04/29 v2.0v Standard LaTeX package
)
(/usr/local/texlive/2024/texmf-dist/tex/latex/fontspec/fontspec.cfg)))
(/usr/local/texlive/2024/texmf-dist/tex/xelatex/xecjk/xeCJK.sty
Package: xeCJK 2022/08/05 v3.9.1 Typesetting CJK scripts with XeLaTeX

(/usr/local/texlive/2024/texmf-dist/tex/latex/ctex/ctexhook.sty
Package: ctexhook 2022/07/14 v2.5.10 Document and package hooks (CTEX)
)
(/usr/local/texlive/2024/texmf-dist/tex/latex/l3packages/xtemplate/xtemplate.st
y
(/usr/local/texlive/2024/texmf-dist/tex/latex/l3packages/xtemplate/xtemplate-20
23-10-10.sty
Package: xtemplate 2023-10-10 L3 Experimental prototype document functions
\l__xtemplate_tmp_dim=\dimen153
\l__xtemplate_tmp_int=\count285
\l__xtemplate_tmp_muskip=\muskip17
\l__xtemplate_tmp_skip=\skip56
))
\l__xeCJK_tmp_int=\count286
\l__xeCJK_tmp_box=\box54
\l__xeCJK_tmp_dim=\dimen154
\l__xeCJK_tmp_skip=\skip57
\g__xeCJK_space_factor_int=\count287
\l__xeCJK_begin_int=\count288
\l__xeCJK_end_int=\count289
\c__xeCJK_CJK_class_int=\XeTeXcharclass1
\c__xeCJK_FullLeft_class_int=\XeTeXcharclass2
\c__xeCJK_FullRight_class_int=\XeTeXcharclass3
\c__xeCJK_HalfLeft_class_int=\XeTeXcharclass4
\c__xeCJK_HalfRight_class_int=\XeTeXcharclass5
\c__xeCJK_NormalSpace_class_int=\XeTeXcharclass6
\c__xeCJK_CM_class_int=\XeTeXcharclass7
\c__xeCJK_HangulJamo_class_int=\XeTeXcharclass8
\l__xeCJK_last_skip=\skip58
\c__xeCJK_none_node=\count290
\g__xeCJK_node_int=\count291
\c__xeCJK_CJK_node_dim=\dimen155
\c__xeCJK_CJK-space_node_dim=\dimen156
\c__xeCJK_default_node_dim=\dimen157
\c__xeCJK_CJK-widow_node_dim=\dimen158
\c__xeCJK_normalspace_node_dim=\dimen159
\c__xeCJK_default-space_node_skip=\skip59
\l__xeCJK_ccglue_skip=\skip60
\l__xeCJK_ecglue_skip=\skip61
\l__xeCJK_punct_kern_skip=\skip62
\l__xeCJK_indent_box=\box55
\l__xeCJK_last_penalty_int=\count292
\l__xeCJK_last_bound_dim=\dimen160
\l__xeCJK_last_kern_dim=\dimen161
\l__xeCJK_widow_penalty_int=\count293

Package xtemplate Info: Declaring object type 'xeCJK/punctuation' taking 0
(xtemplate)             argument(s) on line 2396.

\l__xeCJK_fixed_punct_width_dim=\dimen162
\l__xeCJK_mixed_punct_width_dim=\dimen163
\l__xeCJK_middle_punct_width_dim=\dimen164
\l__xeCJK_fixed_margin_width_dim=\dimen165
\l__xeCJK_mixed_margin_width_dim=\dimen166
\l__xeCJK_middle_margin_width_dim=\dimen167
\l__xeCJK_bound_punct_width_dim=\dimen168
\l__xeCJK_bound_margin_width_dim=\dimen169
\l__xeCJK_margin_minimum_dim=\dimen170
\l__xeCJK_kerning_total_width_dim=\dimen171
\l__xeCJK_same_align_margin_dim=\dimen172
\l__xeCJK_different_align_margin_dim=\dimen173
\l__xeCJK_kerning_margin_width_dim=\dimen174
\l__xeCJK_kerning_margin_minimum_dim=\dimen175
\l__xeCJK_bound_dim=\dimen176
\l__xeCJK_reverse_bound_dim=\dimen177
\l__xeCJK_margin_dim=\dimen178
\l__xeCJK_minimum_bound_dim=\dimen179
\l__xeCJK_kerning_margin_dim=\dimen180
\g__xeCJK_family_int=\count294
\l__xeCJK_fam_int=\count295
\g__xeCJK_fam_allocation_int=\count296
\l__xeCJK_verb_case_int=\count297
\l__xeCJK_verb_exspace_skip=\skip63
 (/usr/local/texlive/2024/texmf-dist/tex/xelatex/xecjk/xeCJK.cfg
File: xeCJK.cfg 2022/08/05 v3.9.1 Configuration file for xeCJK package
)) (/usr/local/texlive/2024/texmf-dist/tex/latex/geometry/geometry.sty
Package: geometry 2020/01/02 v5.9 Page Geometry

(/usr/local/texlive/2024/texmf-dist/tex/latex/graphics/keyval.sty
Package: keyval 2022/05/29 v1.15 key=value parser (DPC)
\KV@toks@=\toks29
)
(/usr/local/texlive/2024/texmf-dist/tex/generic/iftex/ifvtex.sty
Package: ifvtex 2019/10/25 v1.7 ifvtex legacy package. Use iftex instead.

(/usr/local/texlive/2024/texmf-dist/tex/generic/iftex/iftex.sty
Package: iftex 2022/02/03 v1.0f TeX engine tests
))
\Gm@cnth=\count298
\Gm@cntv=\count299
\c@Gm@tempcnt=\count300
\Gm@bindingoffset=\dimen181
\Gm@wd@mp=\dimen182
\Gm@odd@mp=\dimen183
\Gm@even@mp=\dimen184
\Gm@layoutwidth=\dimen185
\Gm@layoutheight=\dimen186
\Gm@layouthoffset=\dimen187
\Gm@layoutvoffset=\dimen188
\Gm@dimlist=\toks30
)
(/usr/local/texlive/2024/texmf-dist/tex/latex/graphics/color.sty
Package: color 2022/01/06 v1.3d Standard LaTeX Color (DPC)

(/usr/local/texlive/2024/texmf-dist/tex/latex/graphics-cfg/color.cfg
File: color.cfg 2016/01/02 v1.6 sample color configuration
)
Package color Info: Driver file: xetex.def on input line 149.

(/usr/local/texlive/2024/texmf-dist/tex/latex/graphics-def/xetex.def
File: xetex.def 2022/09/22 v5.0n Graphics/color driver for xetex
)
(/usr/local/texlive/2024/texmf-dist/tex/latex/graphics/mathcolor.ltx))
(/usr/local/texlive/2024/texmf-dist/tex/latex/xcolor/xcolor.sty
Package: xcolor 2023/11/15 v3.01 LaTeX color extensions (UK)

(/usr/local/texlive/2024/texmf-dist/tex/latex/graphics-cfg/color.cfg
File: color.cfg 2016/01/02 v1.6 sample color configuration
)
Package xcolor Info: Driver file: xetex.def on input line 274.
LaTeX Info: Redefining \color on input line 758.

(/usr/local/texlive/2024/texmf-dist/tex/latex/graphics/mathcolor.ltx)
Package xcolor Info: Model `cmy' substituted by `cmy0' on input line 1350.
Package xcolor Info: Model `RGB' extended on input line 1366.
Package xcolor Info: Model `HTML' substituted by `rgb' on input line 1368.
Package xcolor Info: Model `Hsb' substituted by `hsb' on input line 1369.
Package xcolor Info: Model `tHsb' substituted by `hsb' on input line 1370.
Package xcolor Info: Model `HSB' substituted by `hsb' on input line 1371.
Package xcolor Info: Model `Gray' substituted by `gray' on input line 1372.
Package xcolor Info: Model `wave' substituted by `hsb' on input line 1373.
)
(/usr/local/texlive/2024/texmf-dist/tex/latex/xcolor/x11nam.def
File: x11nam.def 2023/11/15 v3.01 Predefined colors according to Unix/X11 (UK)
)
(/usr/local/texlive/2024/texmf-dist/tex/latex/listings/listings.sty
\lst@mode=\count301
\lst@gtempboxa=\box56
\lst@token=\toks31
\lst@length=\count302
\lst@currlwidth=\dimen189
\lst@column=\count303
\lst@pos=\count304
\lst@lostspace=\dimen190
\lst@width=\dimen191
\lst@newlines=\count305
\lst@lineno=\count306
\lst@maxwidth=\dimen192

(/usr/local/texlive/2024/texmf-dist/tex/latex/listings/lstpatch.sty
File: lstpatch.sty 2024/03/11 1.10a (Carsten Heinz)
)
(/usr/local/texlive/2024/texmf-dist/tex/latex/listings/lstmisc.sty
File: lstmisc.sty 2024/03/11 1.10a (Carsten Heinz)
\c@lstnumber=\count307
\lst@skipnumbers=\count308
\lst@framebox=\box57
)
(/usr/local/texlive/2024/texmf-dist/tex/latex/listings/listings.cfg
File: listings.cfg 2024/03/11 1.10a listings configuration
))
Package: listings 2024/03/11 1.10a (Carsten Heinz)

(/usr/local/texlive/2024/texmf-dist/tex/xelatex/xecjk/xeCJK-listings.sty
Package: xeCJK-listings 2022/08/05 v3.9.1 xeCJK patch file for listings
\l__xeCJK_listings_max_char_int=\count309
\l__xeCJK_listings_flag_int=\count310
)
(/usr/local/texlive/2024/texmf-dist/tex/latex/fancyhdr/fancyhdr.sty
Package: fancyhdr 2024/04/23 v4.2 Extensive control of page headers and footers

\f@nch@headwidth=\skip64
\f@nch@O@elh=\skip65
\f@nch@O@erh=\skip66
\f@nch@O@olh=\skip67
\f@nch@O@orh=\skip68
\f@nch@O@elf=\skip69
\f@nch@O@erf=\skip70
\f@nch@O@olf=\skip71
\f@nch@O@orf=\skip72
)
(/usr/local/texlive/2024/texmf-dist/tex/latex/graphics/graphicx.sty
Package: graphicx 2021/09/16 v1.2d Enhanced LaTeX Graphics (DPC,SPQR)

(/usr/local/texlive/2024/texmf-dist/tex/latex/graphics/graphics.sty
Package: graphics 2022/03/10 v1.4e Standard LaTeX Graphics (DPC,SPQR)

(/usr/local/texlive/2024/texmf-dist/tex/latex/graphics/trig.sty
Package: trig 2021/08/11 v1.11 sin cos tan (DPC)
)
(/usr/local/texlive/2024/texmf-dist/tex/latex/graphics-cfg/graphics.cfg
File: graphics.cfg 2016/06/04 v1.11 sample graphics configuration
)
Package graphics Info: Driver file: xetex.def on input line 107.
)
\Gin@req@height=\dimen193
\Gin@req@width=\dimen194
)
(/usr/local/texlive/2024/texmf-dist/tex/latex/base/ifthen.sty
Package: ifthen 2022/04/13 v1.1d Standard LaTeX ifthen package (DPC)
)
(/usr/local/texlive/2024/texmf-dist/tex/latex/tools/enumerate.sty
Package: enumerate 2023/07/04 v3.00 enumerate extensions (DPC)
\@enLab=\toks32
)
(/usr/local/texlive/2024/texmf-dist/tex/latex/titlesec/titlesec.sty
Package: titlesec 2023/10/27 v2.16 Sectioning titles
\ttl@box=\box58
\beforetitleunit=\skip73
\aftertitleunit=\skip74
\ttl@plus=\dimen195
\ttl@minus=\dimen196
\ttl@toksa=\toks33
\titlewidth=\dimen197
\titlewidthlast=\dimen198
\titlewidthfirst=\dimen199
)
(/usr/local/texlive/2024/texmf-dist/tex/latex/pdfpages/pdfpages.sty
Package: pdfpages 2024/01/21 v0.5y Insert pages of external PDF documents (AM)

(/usr/local/texlive/2024/texmf-dist/tex/latex/tools/calc.sty
Package: calc 2023/07/08 v4.3 Infix arithmetic (KKT,FJ)
\calc@Acount=\count311
\calc@Bcount=\count312
\calc@Adimen=\dimen256
\calc@Bdimen=\dimen257
\calc@Askip=\skip75
\calc@Bskip=\skip76
LaTeX Info: Redefining \setlength on input line 80.
LaTeX Info: Redefining \addtolength on input line 81.
\calc@Ccount=\count313
\calc@Cskip=\skip77
)
(/usr/local/texlive/2024/texmf-dist/tex/latex/eso-pic/eso-pic.sty
Package: eso-pic 2023/05/03 v3.0c eso-pic (RN)
\ESO@tempdima=\dimen258
\ESO@tempdimb=\dimen259
)
\AM@pagewidth=\dimen260
\AM@pageheight=\dimen261
\AM@fboxrule=\dimen262

(/usr/local/texlive/2024/texmf-dist/tex/latex/pdfpages/ppxetex.def
File: ppxetex.def 2024/01/21 v0.5y Pdfpages driver for XeTeX (AM)
)
\pdfpages@includegraphics@status=\count314
\AM@pagebox=\box59
\AM@global@opts=\toks34
\AM@pagecnt=\count315
\AM@toc@title=\toks35
\AM@lof@heading=\toks36
\c@AM@survey=\count316
\AM@templatesizebox=\box60
)
(/usr/local/texlive/2024/texmf-dist/tex/latex/tools/multicol.sty
Package: multicol 2023/03/30 v1.9f multicolumn formatting (FMi)
\c@tracingmulticols=\count317
\mult@box=\box61
\multicol@leftmargin=\dimen263
\c@unbalance=\count318
\c@collectmore=\count319
\doublecol@number=\count320
\multicoltolerance=\count321
\multicolpretolerance=\count322
\full@width=\dimen264
\page@free=\dimen265
\premulticols=\dimen266
\postmulticols=\dimen267
\multicolsep=\skip78
\multicolbaselineskip=\skip79
\partial@page=\box62
\last@line=\box63
\mc@boxedresult=\box64
\maxbalancingoverflow=\dimen268
\mult@rightbox=\box65
\mult@grightbox=\box66
\mult@firstbox=\box67
\mult@gfirstbox=\box68
\@tempa=\box69
\@tempa=\box70
\@tempa=\box71
\@tempa=\box72
\@tempa=\box73
\@tempa=\box74
\@tempa=\box75
\@tempa=\box76
\@tempa=\box77
\@tempa=\box78
\@tempa=\box79
\@tempa=\box80
\@tempa=\box81
\@tempa=\box82
\@tempa=\box83
\@tempa=\box84
\@tempa=\box85
\@tempa=\box86
\@tempa=\box87
\@tempa=\box88
\@tempa=\box89
\@tempa=\box90
\@tempa=\box91
\@tempa=\box92
\@tempa=\box93
\@tempa=\box94
\@tempa=\box95
\@tempa=\box96
\@tempa=\box97
\@tempa=\box98
\@tempa=\box99
\@tempa=\box100
\@tempa=\box101
\@tempa=\box102
\@tempa=\box103
\@tempa=\box104
\c@minrows=\count323
\c@columnbadness=\count324
\c@finalcolumnbadness=\count325
\last@try=\dimen269
\multicolovershoot=\dimen270
\multicolundershoot=\dimen271
\mult@nat@firstbox=\box105
\colbreak@box=\box106
\mc@col@check@num=\count326
)

Package fontspec Info: 
(fontspec)             Font family 'timesnewroman.ttf(0)' created for font
(fontspec)             'times new roman.ttf' with options
(fontspec)             [Ligatures=TeX,Path=fonts/,BoldFont = times new roman
(fontspec)             bold.ttf].
(fontspec)              
(fontspec)              This font family consists of the following NFSS
(fontspec)             series/shapes:
(fontspec)              
(fontspec)             - 'normal' (m/n) with NFSS spec.: <->"[fonts/times new
(fontspec)             roman.ttf]/OT:language=dflt;mapping=tex-text;"
(fontspec)             - 'small caps'  (m/sc) with NFSS spec.: 
(fontspec)             - 'bold' (b/n) with NFSS spec.: <->"[fonts/times new
(fontspec)             roman bold.ttf]/OT:language=dflt;mapping=tex-text;"
(fontspec)             - 'bold small caps'  (b/sc) with NFSS spec.: 


Package fontspec Info: 
(fontspec)             Font family 'consola.ttf(0)' created for font
(fontspec)             'consola.ttf' with options
(fontspec)             [WordSpace={1,0,0},HyphenChar=None,PunctuationSpace=Word
Space,Path=fonts/,BoldFont
(fontspec)             = consolab.ttf,ItalicFont = consolai.ttf].
(fontspec)              
(fontspec)              This font family consists of the following NFSS
(fontspec)             series/shapes:
(fontspec)              
(fontspec)             - 'normal' (m/n) with NFSS spec.:
(fontspec)             <->"[fonts/consola.ttf]/OT:script=latn;language=dflt;"
(fontspec)             - 'small caps'  (m/sc) with NFSS spec.: 
(fontspec)             and font adjustment code:
(fontspec)             \fontdimen 2\font =1\fontdimen 2\font \fontdimen 3\font
(fontspec)             =0\fontdimen 3\font \fontdimen 4\font =0\fontdimen
(fontspec)             4\font \fontdimen 7\font =0\fontdimen 2\font
(fontspec)             \tex_hyphenchar:D \font =-1\scan_stop: 
(fontspec)             - 'bold' (b/n) with NFSS spec.:
(fontspec)             <->"[fonts/consolab.ttf]/OT:script=latn;language=dflt;"
(fontspec)             - 'bold small caps'  (b/sc) with NFSS spec.: 
(fontspec)             and font adjustment code:
(fontspec)             \fontdimen 2\font =1\fontdimen 2\font \fontdimen 3\font
(fontspec)             =0\fontdimen 3\font \fontdimen 4\font =0\fontdimen
(fontspec)             4\font \fontdimen 7\font =0\fontdimen 2\font
(fontspec)             \tex_hyphenchar:D \font =-1\scan_stop: 
(fontspec)             - 'italic' (m/it) with NFSS spec.:
(fontspec)             <->"[fonts/consolai.ttf]/OT:script=latn;language=dflt;"
(fontspec)             - 'italic small caps'  (m/scit) with NFSS spec.: 
(fontspec)             and font adjustment code:
(fontspec)             \fontdimen 2\font =1\fontdimen 2\font \fontdimen 3\font
(fontspec)             =0\fontdimen 3\font \fontdimen 4\font =0\fontdimen
(fontspec)             4\font \fontdimen 7\font =0\fontdimen 2\font
(fontspec)             \tex_hyphenchar:D \font =-1\scan_stop: 


Package fontspec Info: 
(fontspec)             Font family 'msjh.ttc(0)' created for font 'msjh.ttc'
(fontspec)             with options [Script={CJK},Path={fonts/}].
(fontspec)              
(fontspec)              This font family consists of the following NFSS
(fontspec)             series/shapes:
(fontspec)              
(fontspec)             - 'normal' (m/n) with NFSS spec.:
(fontspec)             <->"[fonts/msjh.ttc]/OT:script=hani;language=dflt;"
(fontspec)             - 'small caps'  (m/sc) with NFSS spec.: 
(fontspec)             - 'bold' (b/n) with NFSS spec.:
(fontspec)             <->"[fonts/msjh.ttc]/OT:script=hani;language=dflt;"
(fontspec)             - 'bold small caps'  (b/sc) with NFSS spec.: 
(fontspec)             - 'italic' (m/it) with NFSS spec.:
(fontspec)             <->"[fonts/msjh.ttc]/OT:script=hani;language=dflt;"
(fontspec)             - 'italic small caps'  (m/scit) with NFSS spec.: 
(fontspec)             - 'bold italic' (b/it) with NFSS spec.:
(fontspec)             <->"[fonts/msjh.ttc]/OT:script=hani;language=dflt;"
(fontspec)             - 'bold italic small caps'  (b/scit) with NFSS spec.: 

)
(./Codebook.aux)
\openout1 = `Codebook.aux'.

LaTeX Font Info:    Checking defaults for OML/cmm/m/it on input line 5.
LaTeX Font Info:    ... okay on input line 5.
LaTeX Font Info:    Checking defaults for OMS/cmsy/m/n on input line 5.
LaTeX Font Info:    ... okay on input line 5.
LaTeX Font Info:    Checking defaults for OT1/cmr/m/n on input line 5.
LaTeX Font Info:    ... okay on input line 5.
LaTeX Font Info:    Checking defaults for T1/cmr/m/n on input line 5.
LaTeX Font Info:    ... okay on input line 5.
LaTeX Font Info:    Checking defaults for TS1/cmr/m/n on input line 5.
LaTeX Font Info:    Trying to load font information for TS1+cmr on input line 5
.
 (/usr/local/texlive/2024/texmf-dist/tex/latex/base/ts1cmr.fd
File: ts1cmr.fd 2023/04/13 v2.5m Standard LaTeX font definitions
)
LaTeX Font Info:    ... okay on input line 5.
LaTeX Font Info:    Checking defaults for TU/lmr/m/n on input line 5.
LaTeX Font Info:    ... okay on input line 5.
LaTeX Font Info:    Checking defaults for OMX/cmex/m/n on input line 5.
LaTeX Font Info:    ... okay on input line 5.
LaTeX Font Info:    Checking defaults for U/cmr/m/n on input line 5.
LaTeX Font Info:    ... okay on input line 5.

Package fontspec Info: 
(fontspec)             Adjusting the maths setup (use [no-math] to avoid
(fontspec)             this).

\symlegacymaths=\mathgroup6
LaTeX Font Info:    Overwriting symbol font `legacymaths' in version `bold'
(Font)                  OT1/cmr/m/n --> OT1/cmr/bx/n on input line 5.
LaTeX Font Info:    Redeclaring math accent \acute on input line 5.
LaTeX Font Info:    Redeclaring math accent \grave on input line 5.
LaTeX Font Info:    Redeclaring math accent \ddot on input line 5.
LaTeX Font Info:    Redeclaring math accent \tilde on input line 5.
LaTeX Font Info:    Redeclaring math accent \bar on input line 5.
LaTeX Font Info:    Redeclaring math accent \breve on input line 5.
LaTeX Font Info:    Redeclaring math accent \check on input line 5.
LaTeX Font Info:    Redeclaring math accent \hat on input line 5.
LaTeX Font Info:    Redeclaring math accent \dot on input line 5.
LaTeX Font Info:    Redeclaring math accent \mathring on input line 5.
LaTeX Font Info:    Redeclaring math symbol \Gamma on input line 5.
LaTeX Font Info:    Redeclaring math symbol \Delta on input line 5.
LaTeX Font Info:    Redeclaring math symbol \Theta on input line 5.
LaTeX Font Info:    Redeclaring math symbol \Lambda on input line 5.
LaTeX Font Info:    Redeclaring math symbol \Xi on input line 5.
LaTeX Font Info:    Redeclaring math symbol \Pi on input line 5.
LaTeX Font Info:    Redeclaring math symbol \Sigma on input line 5.
LaTeX Font Info:    Redeclaring math symbol \Upsilon on input line 5.
LaTeX Font Info:    Redeclaring math symbol \Phi on input line 5.
LaTeX Font Info:    Redeclaring math symbol \Psi on input line 5.
LaTeX Font Info:    Redeclaring math symbol \Omega on input line 5.
LaTeX Font Info:    Redeclaring math symbol \mathdollar on input line 5.
LaTeX Font Info:    Redeclaring symbol font `operators' on input line 5.
LaTeX Font Info:    Encoding `OT1' has changed to `TU' for symbol font
(Font)              `operators' in the math version `normal' on input line 5.
LaTeX Font Info:    Overwriting symbol font `operators' in version `normal'
(Font)                  OT1/cmr/m/n --> TU/timesnewroman.ttf(0)/m/n on input li
ne 5.
LaTeX Font Info:    Encoding `OT1' has changed to `TU' for symbol font
(Font)              `operators' in the math version `bold' on input line 5.
LaTeX Font Info:    Overwriting symbol font `operators' in version `bold'
(Font)                  OT1/cmr/bx/n --> TU/timesnewroman.ttf(0)/m/n on input l
ine 5.
LaTeX Font Info:    Overwriting symbol font `operators' in version `normal'
(Font)                  TU/timesnewroman.ttf(0)/m/n --> TU/timesnewroman.ttf(0)
/m/n on input line 5.
LaTeX Font Info:    Overwriting math alphabet `\mathit' in version `normal'
(Font)                  OT1/cmr/m/it --> TU/timesnewroman.ttf(0)/m/it on input 
line 5.
LaTeX Font Info:    Overwriting math alphabet `\mathbf' in version `normal'
(Font)                  OT1/cmr/bx/n --> TU/timesnewroman.ttf(0)/b/n on input l
ine 5.
LaTeX Font Info:    Overwriting math alphabet `\mathsf' in version `normal'
(Font)                  OT1/cmss/m/n --> TU/lmss/m/n on input line 5.
LaTeX Font Info:    Overwriting math alphabet `\mathtt' in version `normal'
(Font)                  OT1/cmtt/m/n --> TU/consola.ttf(0)/m/n on input line 5.

LaTeX Font Info:    Overwriting symbol font `operators' in version `bold'
(Font)                  TU/timesnewroman.ttf(0)/m/n --> TU/timesnewroman.ttf(0)
/b/n on input line 5.
LaTeX Font Info:    Overwriting math alphabet `\mathit' in version `bold'
(Font)                  OT1/cmr/bx/it --> TU/timesnewroman.ttf(0)/b/it on input
 line 5.
LaTeX Font Info:    Overwriting math alphabet `\mathsf' in version `bold'
(Font)                  OT1/cmss/bx/n --> TU/lmss/b/n on input line 5.
LaTeX Font Info:    Overwriting math alphabet `\mathtt' in version `bold'
(Font)                  OT1/cmtt/m/n --> TU/consola.ttf(0)/b/n on input line 5.


*geometry* driver: auto-detecting
*geometry* detected driver: xetex
*geometry* verbose mode - [ preamble ] result:
* driver: xetex
* paper: a4paper
* layout: <same size as paper>
* layoutoffset:(h,v)=(0.0pt,0.0pt)
* modes: landscape 
* h-part:(L,W,R)=(30.0pt, 688.28853pt, 126.75832pt)
* v-part:(T,H,B)=(50.0pt, 475.80621pt, 71.70166pt)
* \paperwidth=845.04684pt
* \paperheight=597.50787pt
* \textwidth=800.04684pt
* \textheight=530.50787pt
* \oddsidemargin=-42.26999pt
* \evensidemargin=-42.26999pt
* \topmargin=-59.26999pt
* \headheight=12.0pt
* \headsep=25.0pt
* \topskip=10.0pt
* \footskip=30.0pt
* \marginparwidth=57.0pt
* \marginparsep=11.0pt
* \columnsep=15.0pt
* \skip\footins=9.0pt plus 4.0pt minus 2.0pt
* \hoffset=0.0pt
* \voffset=0.0pt
* \mag=1000
* \@twocolumnfalse
* \@twosidefalse
* \@mparswitchfalse
* \@reversemarginfalse
* (1in=72.27pt=25.4mm, 1cm=28.453pt)

\c@lstlisting=\count327
(/usr/local/texlive/2024/texmf-dist/tex/latex/pdflscape/pdflscape.sty
Package: pdflscape 2022-10-27 v0.13 Display of landscape pages in PDF

(/usr/local/texlive/2024/texmf-dist/tex/latex/pdflscape/pdflscape-nometadata.st
y
Package: pdflscape-nometadata 2022-10-28 v0.13 Display of landscape pages in PD
F (HO)
 (/usr/local/texlive/2024/texmf-dist/tex/latex/graphics/lscape.sty
Package: lscape 2020/05/28 v3.02 Landscape Pages (DPC)
)
Package pdflscape Info: Auto-detected driver: dvipdfm (xetex) on input line 98.

))

LaTeX Font Warning: Font shape `TU/timesnewroman.ttf(0)/m/sc' undefined
(Font)              using `TU/timesnewroman.ttf(0)/m/n' instead on input line 2
0.

(./Codebook.toc
LaTeX Font Info:    Trying to load font information for U+msa on input line 2.
 (/usr/local/texlive/2024/texmf-dist/tex/latex/amsfonts/umsa.fd
File: umsa.fd 2013/01/14 v3.01 AMS symbols A
)
LaTeX Font Info:    Trying to load font information for U+msb on input line 2.
(/usr/local/texlive/2024/texmf-dist/tex/latex/amsfonts/umsb.fd
File: umsb.fd 2013/01/14 v3.01 AMS symbols B
)
Underfull \hbox (badness 10000) in paragraph at lines 27--27
 [][] []\TU/timesnewroman.ttf(0)/m/n/10 minimum-general-weighted- 
 []


Underfull \hbox (badness 10000) in paragraph at lines 29--29
 [][] []\TU/timesnewroman.ttf(0)/m/n/10 general-weighted-max- 
 []

)
\tf@toc=\write3
\openout3 = `Codebook.toc'.

 [1

] (./list.tex
(/usr/local/texlive/2024/texmf-dist/tex/latex/listings/lstlang1.sty
File: lstlang1.sty 2024/03/11 1.10a listings language file
)
(/usr/local/texlive/2024/texmf-dist/tex/latex/listings/lstlang1.sty
File: lstlang1.sty 2024/03/11 1.10a listings language file
)
(/usr/local/texlive/2024/texmf-dist/tex/latex/listings/lstmisc.sty
File: lstmisc.sty 2024/03/11 1.10a (Carsten Heinz)
)
(./codes/Basic/template.cpp) (./codes/Basic/vimrc.cpp)
(./codes/Data-Structure/wavelet-tree.cpp)
(./codes/Data-Structure/lazysegtree.cpp) (./codes/Data-Structure/LiChao.cpp
[2

]) (./codes/Data-Structure/DLX.cpp) (./codes/Data-Structure/sparse-table.cpp) (
./codes/Data-Structure/static-range-lis.cpp [3])
(./codes/Data-Structure/rollback-dsu.cpp)
(./codes/Data-Structure/static-range-inversion.cpp)
(./codes/Data-Structure/LCT.cpp) (./codes/Data-Structure/segtree-beats.cpp
[4]) (./codes/Data-Structure/union-of-rectangles.cpp) [5]
(./codes/Data-Structure/CHT.cpp) (./codes/Data-Structure/treap.cpp)
(./codes/Data-Structure/VEB.cpp) (./codes/Data-Structure/rect-add-rect-sum.cpp
[6]) (./codes/Data-Structure/CDQ.cpp) (./codes/Data-Structure/segtree.cpp)
(./codes/Flow-Matching/KM.cpp) (./codes/Flow-Matching/bipartite-matching.cpp
[7]) (./codes/Flow-Matching/Dinic-LowerBound.cpp)
(./codes/Flow-Matching/MCMF.cpp)
Underfull \hbox (badness 10000) in paragraph at lines 27--27
|[]\TU/timesnewroman.ttf(0)/b/n/12 minimum-general-weighted-
 []

(./codes/Flow-Matching/minimum-general-weighted-perfect-matching.cpp)
(./codes/Flow-Matching/Flow建模.tex
Underfull \hbox (badness 6284) in paragraph at lines 19--22
[]\TU/timesnewroman.ttf(0)/m/n/7 Construct minimum vertex cover from maximum
 []

[8]
Overfull \hbox (21.39056pt too wide) detected at line 68
[] [] \OT1/cmr/m/n/7 + [] [] + [] \OML/cmm/m/it/7 c[]x[] \OT1/cmr/m/n/7 + [] \O
ML/cmm/m/it/7 c[]\OT1/cmr/m/n/7 (\OML/cmm/m/it/7 x[] \OT1/cmr/m/n/7 + \OML/cmm/
m/it/7 x[][]\OT1/cmr/m/n/7 )
 []

) (./codes/Flow-Matching/general-weighted-max-matching.cpp) [9]
(./codes/Flow-Matching/general-matching.cpp) (./codes/Flow-Matching/Dinic.cpp)
(./codes/Flow-Matching/max-clique.cpp)
(./codes/Geometry/point-in-convex-hull.cpp) (./codes/Geometry/half-plane.cpp
[10]) (./codes/Geometry/point.cpp) (./codes/Geometry/定理.tex)
(./codes/Geometry/min-enclosing-circle.cpp) (./codes/Geometry/convex-hull.cpp)
(./codes/Geometry/polar-angle-sort.cpp) (./codes/Geometry/closest-pair.cpp)
(./codes/Graph/centroid-tree.cpp [11]) (./codes/Graph/chromatic-number.cpp)
(./codes/Graph/count-bridge-online.cpp) (./codes/Graph/2-SAT.cpp)
(./codes/Graph/lowlink.cpp [12]) (./codes/Graph/manhattan-mst.cpp)
(./codes/Graph/SCC.cpp) (./codes/Graph/HLD.cpp) (./codes/Graph/planar.cpp
[13]) (./codes/Graph/BCC-tree.cpp) (./codes/Graph/triangle-sum.cpp)
(./codes/Math/Min-of-Mod-of-Linear.cpp) (./codes/Math/Gauss-Jordan.cpp [14])
(./codes/Math/Miller-Rabin.cpp) (./codes/Math/Floor-Sum.cpp)
(./codes/Math/Discrete-Log.cpp) (./codes/Math/Xor-Basis.cpp)
(./codes/Math/數字.tex
Underfull \hbox (badness 10000) in paragraph at lines 8--9
[]$\OML/cmm/m/it/7 S[]\OT1/cmr/m/n/7 (\OML/cmm/m/it/7 n\OT1/cmr/m/n/7 ) = [] \O
ML/cmm/m/it/7 k[] \OT1/cmr/m/n/7 =
 []


Package amsmath Warning: Foreign command \atopwithdelims;
(amsmath)                \frac or \genfrac should be used instead
(amsmath)                 on input line 15.


Underfull \hbox (badness 10000) in paragraph at lines 21--22
[]$[]\OT1/cmr/m/n/7 (1 \OMS/cmsy/m/n/7 ^^@ \OML/cmm/m/it/7 x[]\OT1/cmr/m/n/7 ) 
= 1 +
 []


Underfull \hbox (badness 10000) in paragraph at lines 51--52
[]$[][] \OML/cmm/m/it/7 k[] \OT1/cmr/m/n/7 = [](\OML/cmm/m/it/7 n [][]\OT1/cmr/
m/n/7 (\OML/cmm/m/it/7 n \OT1/cmr/m/n/7 + 1)[] \OMS/cmsy/m/n/7 ^^@
 []

) (./codes/Math/Primes.cpp) (./codes/Math/Determinant.cpp [15])
(./codes/Math/extgcd.cpp) (./codes/Math/NTT.cpp) (./codes/Math/Poly.cpp
[16]) (./codes/Math/Simplex.cpp) (./codes/Math/Triangle.cpp)
(./codes/Math/Chinese-Remainder.cpp) (./codes/Math/Pollard-Rho.cpp) [17]
(./codes/Math/Mod-Sqrt.cpp) (./codes/Math/Combination.cpp)
(./codes/Math/Mod-Inv.cpp) (./codes/Math/FWHT.cpp) (./codes/Math/Aliens.cpp)
(./codes/Math/Berlekamp-Massey.cpp) (./codes/Math/定理.tex [18]
! Missing { inserted.
<to be read again> 
                   \mathop 
l.16 ...number of steps is $k$, a total of $m^\gcd
                                                  (k,n)$ necklaces remain th...
A left brace was mandatory here, so I've put one in.
You might want to delete and/or insert some corrections
so that I will find a matching right brace soon.
(If you're confused by all this, try typing `I}' now.)

! Missing } inserted.
<inserted text> 
                }
l.16 ... of steps is $k$, a total of $m^\gcd(k,n)$
                                                   necklaces remain the same...
I've inserted something that you may have forgotten.
(See the <inserted text> above.)
With luck, this will get me unwedged. But if you
really didn't forget anything, try typing `2' now; then
my insertion and my current dilemma will both disappear.

! Missing { inserted.
<to be read again> 
                   \mathop 
l.16 ...sum_{i = 0}^{n - 1} \frac{m^\gcd(i, n)}{n}
                                                  $. For example, the number...
A left brace was mandatory here, so I've put one in.
You might want to delete and/or insert some corrections
so that I will find a matching right brace soon.
(If you're confused by all this, try typing `I}' now.)

! Missing } inserted.
<inserted text> 
                }
l.16 ...sum_{i = 0}^{n - 1} \frac{m^\gcd(i, n)}{n}
                                                  $. For example, the number...
I've inserted something that you may have forgotten.
(See the <inserted text> above.)
With luck, this will get me unwedged. But if you
really didn't forget anything, try typing `2' now; then
my insertion and my current dilemma will both disappear.

Missing character: There is no ö (U+00F6) in font [fonts/times new roman.ttf]/O
T:language=dflt;mapping=tex-text;!
! You can't use `macro parameter character #' in vertical mode.
l.20 #
      # 定義
Sorry, but I'm not programmed to handle this case;
I'll just pretend that you didn't ask for it.
If you're in the wrong mode, you might be able to
return to the right one by typing `I}' or `I$' or `I\par'.

! You can't use `macro parameter character #' in vertical mode.
l.20 ##
        定義
Sorry, but I'm not programmed to handle this case;
I'll just pretend that you didn't ask for it.
If you're in the wrong mode, you might be able to
return to the right one by typing `I}' or `I$' or `I\par'.


Overfull \hbox (12.25078pt too wide) detected at line 33
\OML/cmm/m/it/7 M \OT1/cmr/m/n/7 = []
 []


LaTeX Font Warning: Font shape `TU/timesnewroman.ttf(0)/m/it' undefined
(Font)              using `TU/timesnewroman.ttf(0)/m/n' instead on input line 5
8.


Underfull \hbox (badness 10000) in paragraph at lines 58--59
[]\TU/timesnewroman.ttf(0)/m/n/7 Given a degree sequence $\OML/cmm/m/it/7 d[]; 
d[]; [] ; d[]$
 []


Underfull \hbox (badness 10000) in paragraph at lines 58--59
\TU/timesnewroman.ttf(0)/m/n/7 for each labeled vertices, there are
 []

Missing character: There is no ő (U+0151) in font [fonts/times new roman.ttf]/O
T:language=dflt;mapping=tex-text;!
Missing character: There is no ö (U+00F6) in font [fonts/times new roman.ttf]/O
T:language=dflt;mapping=tex-text;!

Underfull \hbox (badness 5637) in paragraph at lines 78--79
[]$\OML/cmm/m/it/7 f\OT1/cmr/m/n/7 (\OML/cmm/m/it/7 n\OT1/cmr/m/n/7 ) = [][] \O
ML/cmm/m/it/7 g\OT1/cmr/m/n/7 (\OML/cmm/m/it/7 d\OT1/cmr/m/n/7 ) \OMS/cmsy/m/n/
7 , \OML/cmm/m/it/7 g\OT1/cmr/m/n/7 (\OML/cmm/m/it/7 n\OT1/cmr/m/n/7 ) =
 []


Underfull \hbox (badness 5637) in paragraph at lines 79--80
[]$\OML/cmm/m/it/7 f\OT1/cmr/m/n/7 (\OML/cmm/m/it/7 n\OT1/cmr/m/n/7 ) = [][] \O
ML/cmm/m/it/7 g\OT1/cmr/m/n/7 (\OML/cmm/m/it/7 d\OT1/cmr/m/n/7 ) \OMS/cmsy/m/n/
7 , \OML/cmm/m/it/7 g\OT1/cmr/m/n/7 (\OML/cmm/m/it/7 n\OT1/cmr/m/n/7 ) =
 []

) (./codes/Math/Int-Div.cpp) (./codes/Math/生成函數.tex
Overfull \hbox (1.49915pt too wide) in paragraph at lines 9--10
[]$\OML/cmm/m/it/7 A\OT1/cmr/m/n/7 (\OML/cmm/m/it/7 x\OT1/cmr/m/n/7 )[] \OMS/cm
sy/m/n/7 ) [][] \OML/cmm/m/it/7 a[]a[] [] a[]$ 
 []


Underfull \hbox (badness 10000) in paragraph at lines 13--15
[]\TU/timesnewroman.ttf(0)/m/it/7 Exponential Generating Function $\OML/cmm/m/i
t/7 A\OT1/cmr/m/n/7 (\OML/cmm/m/it/7 x\OT1/cmr/m/n/7 ) =
 []


Overfull \hbox (42.97871pt too wide) in paragraph at lines 20--21
[]$\OML/cmm/m/it/7 A\OT1/cmr/m/n/7 (\OML/cmm/m/it/7 x\OT1/cmr/m/n/7 )[] \OMS/cm
sy/m/n/7 ) [][] []\OML/cmm/m/it/7 a[]a[] [] a[]$ 
 []

) (./codes/Math/GCD-Convolution.cpp) (./codes/Math/歐幾里得類算法.tex
Overfull \hbox (29.75534pt too wide) detected at line 14
[][]
 []


Overfull \hbox (66.75389pt too wide) detected at line 22
[][]
 []

[19]
Overfull \hbox (66.47742pt too wide) detected at line 30
[][]
 []

) (./codes/Math/Linear-Sieve.cpp) (./codes/Math/估計值.tex
Underfull \hbox (badness 10000) in paragraph at lines 8--10
[]\TU/timesnewroman.ttf(0)/m/it/7 Total number of partitions of
 []


Underfull \hbox (badness 10000) in paragraph at lines 8--10
\OML/cmm/m/it/7 n$ \TU/timesnewroman.ttf(0)/m/it/7 distinct elements: $\OML/cmm
/m/it/7 B\OT1/cmr/m/n/7 (\OML/cmm/m/it/7 n\OT1/cmr/m/n/7 ) =
 []


Overfull \hbox (72.91957pt too wide) in paragraph at lines 8--10
\OT1/cmr/m/n/7 1\OML/cmm/m/it/7 ; \OT1/cmr/m/n/7 1\OML/cmm/m/it/7 ; \OT1/cmr/m/
n/7 2\OML/cmm/m/it/7 ; \OT1/cmr/m/n/7 5\OML/cmm/m/it/7 ; \OT1/cmr/m/n/7 15\OML/
cmm/m/it/7 ; \OT1/cmr/m/n/7 52\OML/cmm/m/it/7 ; \OT1/cmr/m/n/7 203\OML/cmm/m/it
/7 ; \OT1/cmr/m/n/7 877\OML/cmm/m/it/7 ; \OT1/cmr/m/n/7 4140\OML/cmm/m/it/7 ; \
OT1/cmr/m/n/7 21147\OML/cmm/m/it/7 ; \OT1/cmr/m/n/7 115975\OML/cmm/m/it/7 ; \OT
1/cmr/m/n/7 678570\OML/cmm/m/it/7 ; \OT1/cmr/m/n/7 4213597\OML/cmm/m/it/7 ;$ 
 []

) (./codes/Misc/PBDS.cpp)
(/usr/local/texlive/2024/texmf-dist/tex/latex/listings/lstlang1.sty
File: lstlang1.sty 2024/03/11 1.10a listings language file
)
(./codes/Misc/python.py) (./codes/Misc/timer.cpp)
(./codes/Misc/next-combination.cpp) (./codes/Misc/rng.cpp) (./codes/Misc/gc.cpp
) (./codes/Misc/rotate90.cpp) (./codes/String/smallest-rotation.cpp)
(./codes/String/AC.cpp) (./codes/String/Z.cpp) (./codes/String/rolling-hash.cpp
[20]) (./codes/String/hash61.cpp) (./codes/String/LCP.cpp)
(./codes/String/SAIS.cpp) (./codes/String/KMP.cpp)
(./codes/String/wildcard-pattern-matching.cpp) (./codes/String/SAM.cpp)
(./codes/String/manacher.cpp)) [21] (./judge-test/cpp-test.tex) [22]
(./Codebook.aux)
 ***********
LaTeX2e <2023-11-01> patch level 1
L3 programming layer <2022/08/05>
 ***********


LaTeX Font Warning: Some font shapes were not available, defaults substituted.

 ) 
Here is how much of TeX's memory you used:
 13451 strings out of 474706
 290429 string characters out of 5756288
 3771403 words of memory out of 5000000
 35209 multiletter control sequences out of 15000+600000
 560574 words of font info for 77 fonts, out of 8000000 for 9000
 1348 hyphenation exceptions out of 8191
 84i,15n,96p,1013b,2404s stack positions out of 10000i,1000n,20000p,200000b,200000s

Output written on Codebook.pdf (22 pages).
